# JRE version: OpenJDK Runtime Environment Temurin-17.0.2+8 (17.0.2+8) (build 17.0.2+8)
# Java VM: OpenJDK 64-Bit Server VM Temurin-17.0.2+8 (17.0.2+8, mixed mode, sharing, tiered, compressed oops, compressed class ptrs, g1 gc, windows-amd64)
GC Precious Log:
 CPUs: 4 total, 4 available
 Memory: 8067M
 Large Page Support: Disabled
 NUMA Support: Disabled
 Compressed Oops: Enabled (32-bit)
 Heap Region Size: 1M
 Heap Min Capacity: 8M
 Heap Initial Capacity: 128M
 Heap Max Capacity: 2018M
 Pre-touch: Disabled
 Parallel Workers: 4
 Concurrent Workers: 1
 Concurrent Refinement Workers: 4
 Periodic GC: Disabled
Heap:
 garbage-first heap   total 208896K, used 82547K [0x0000000081e00000, 0x0000000100000000)
  region size 1024K, 22 young (22528K), 0 survivors (0K)
 Metaspace       used 83538K, committed 84416K, reserved 1122304K
  class space    used 10882K, committed 11328K, reserved 1048576K
GC Heap History (20 events):
Event: 808.128 GC heap before
{Heap before GC invocations=57 (full 3):
 garbage-first heap   total 132096K, used 108849K [0x0000000081e00000, 0x0000000100000000)
  region size 1024K, 46 young (47104K), 1 survivors (1024K)
 Metaspace       used 82527K, committed 83456K, reserved 1122304K
  class space    used 10814K, committed 11264K, reserved 1048576K
}
Event: 808.133 GC heap after
{Heap after GC invocations=58 (full 3):
 garbage-first heap   total 132096K, used 64062K [0x0000000081e00000, 0x0000000100000000)
  region size 1024K, 2 young (2048K), 2 survivors (2048K)
 Metaspace       used 82527K, committed 83456K, reserved 1122304K
  class space    used 10814K, committed 11264K, reserved 1048576K
}
Event: 869.256 GC heap before
{Heap before GC invocations=59 (full 3):
 garbage-first heap   total 132096K, used 110142K [0x0000000081e00000, 0x0000000100000000)
  region size 1024K, 47 young (48128K), 2 survivors (2048K)
 Metaspace       used 82525K, committed 83456K, reserved 1122304K
  class space    used 10813K, committed 11264K, reserved 1048576K
}
Event: 869.260 GC heap after
{Heap after GC invocations=60 (full 3):
 garbage-first heap   total 132096K, used 63862K [0x0000000081e00000, 0x0000000100000000)
  region size 1024K, 2 young (2048K), 2 survivors (2048K)
 Metaspace       used 82525K, committed 83456K, reserved 1122304K
  class space    used 10813K, committed 11264K, reserved 1048576K
}
Event: 874.117 GC heap before
{Heap before GC invocations=60 (full 3):
 garbage-first heap   total 132096K, used 67958K [0x0000000081e00000, 0x0000000100000000)
  region size 1024K, 6 young (6144K), 2 survivors (2048K)
 Metaspace       used 82526K, committed 83456K, reserved 1122304K
  class space    used 10813K, committed 11264K, reserved 1048576K
}
Event: 874.121 GC heap after
{Heap after GC invocations=61 (full 3):
 garbage-first heap   total 132096K, used 63408K [0x0000000081e00000, 0x0000000100000000)
  region size 1024K, 1 young (1024K), 1 survivors (1024K)
 Metaspace       used 82526K, committed 83456K, reserved 1122304K
  class space    used 10813K, committed 11264K, reserved 1048576K
}
Event: 923.756 GC heap before
{Heap before GC invocations=61 (full 3):
 garbage-first heap   total 132096K, used 103344K [0x0000000081e00000, 0x0000000100000000)
  region size 1024K, 41 young (41984K), 1 survivors (1024K)
 Metaspace       used 82584K, committed 83456K, reserved 1122304K
  class space    used 10817K, committed 11264K, reserved 1048576K
}
Event: 923.905 GC heap after
{Heap after GC invocations=62 (full 4):
 garbage-first heap   total 132096K, used 56565K [0x0000000081e00000, 0x0000000100000000)
  region size 1024K, 0 young (0K), 0 survivors (0K)
 Metaspace       used 82584K, committed 83456K, reserved 1122304K
  class space    used 10817K, committed 11264K, reserved 1048576K
}
Event: 925.371 GC heap before
{Heap before GC invocations=62 (full 4):
 garbage-first heap   total 132096K, used 109813K [0x0000000081e00000, 0x0000000100000000)
  region size 1024K, 53 young (54272K), 0 survivors (0K)
 Metaspace       used 82768K, committed 83712K, reserved 1122304K
  class space    used 10833K, committed 11264K, reserved 1048576K
}
Event: 925.377 GC heap after
{Heap after GC invocations=63 (full 4):
 garbage-first heap   total 132096K, used 60701K [0x0000000081e00000, 0x0000000100000000)
  region size 1024K, 5 young (5120K), 5 survivors (5120K)
 Metaspace       used 82768K, committed 83712K, reserved 1122304K
  class space    used 10833K, committed 11264K, reserved 1048576K
}
Event: 926.365 GC heap before
{Heap before GC invocations=64 (full 4):
 garbage-first heap   total 132096K, used 108829K [0x0000000081e00000, 0x0000000100000000)
  region size 1024K, 52 young (53248K), 5 survivors (5120K)
 Metaspace       used 83181K, committed 84096K, reserved 1122304K
  class space    used 10858K, committed 11328K, reserved 1048576K
}
Event: 926.376 GC heap after
{Heap after GC invocations=65 (full 4):
 garbage-first heap   total 132096K, used 63086K [0x0000000081e00000, 0x0000000100000000)
  region size 1024K, 3 young (3072K), 3 survivors (3072K)
 Metaspace       used 83181K, committed 84096K, reserved 1122304K
  class space    used 10858K, committed 11328K, reserved 1048576K
}
Event: 926.945 GC heap before
{Heap before GC invocations=65 (full 4):
 garbage-first heap   total 132096K, used 109166K [0x0000000081e00000, 0x0000000100000000)
  region size 1024K, 48 young (49152K), 3 survivors (3072K)
 Metaspace       used 83418K, committed 84352K, reserved 1122304K
  class space    used 10871K, committed 11328K, reserved 1048576K
}
Event: 926.956 GC heap after
{Heap after GC invocations=66 (full 4):
 garbage-first heap   total 208896K, used 65369K [0x0000000081e00000, 0x0000000100000000)
  region size 1024K, 5 young (5120K), 5 survivors (5120K)
 Metaspace       used 83418K, committed 84352K, reserved 1122304K
  class space    used 10871K, committed 11328K, reserved 1048576K
}
Event: 1058.256 GC heap before
{Heap before GC invocations=67 (full 4):
 garbage-first heap   total 208896K, used 170841K [0x0000000081e00000, 0x0000000100000000)
  region size 1024K, 108 young (110592K), 5 survivors (5120K)
 Metaspace       used 83432K, committed 84352K, reserved 1122304K
  class space    used 10871K, committed 11328K, reserved 1048576K
}
Event: 1058.263 GC heap after
{Heap after GC invocations=68 (full 4):
 garbage-first heap   total 208896K, used 65592K [0x0000000081e00000, 0x0000000100000000)
  region size 1024K, 6 young (6144K), 6 survivors (6144K)
 Metaspace       used 83432K, committed 84352K, reserved 1122304K
  class space    used 10871K, committed 11328K, reserved 1048576K
}
Event: 1205.260 GC heap before
{Heap before GC invocations=68 (full 4):
 garbage-first heap   total 208896K, used 174136K [0x0000000081e00000, 0x0000000100000000)
  region size 1024K, 112 young (114688K), 6 survivors (6144K)
 Metaspace       used 83434K, committed 84352K, reserved 1122304K
  class space    used 10871K, committed 11328K, reserved 1048576K
}
Event: 1205.267 GC heap after
{Heap after GC invocations=69 (full 4):
 garbage-first heap   total 208896K, used 65266K [0x0000000081e00000, 0x0000000100000000)
  region size 1024K, 5 young (5120K), 5 survivors (5120K)
 Metaspace       used 83434K, committed 84352K, reserved 1122304K
  class space    used 10871K, committed 11328K, reserved 1048576K
}
Event: 1280.918 GC heap before
{Heap before GC invocations=70 (full 4):
 garbage-first heap   total 208896K, used 125682K [0x0000000081e00000, 0x0000000100000000)
  region size 1024K, 65 young (66560K), 5 survivors (5120K)
 Metaspace       used 83492K, committed 84416K, reserved 1122304K
  class space    used 10875K, committed 11328K, reserved 1048576K
}
Event: 1281.042 GC heap after
{Heap after GC invocations=71 (full 5):
 garbage-first heap   total 208896K, used 61043K [0x0000000081e00000, 0x0000000100000000)
  region size 1024K, 0 young (0K), 0 survivors (0K)
 Metaspace       used 83485K, committed 84416K, reserved 1122304K
  class space    used 10874K, committed 11328K, reserved 1048576K
}

